 
****************************************
Report : timing
        -path full
        -delay min
        -max_paths 1
Design : top_fft_module
Version: V-2023.12-SP5-4
Date   : Wed Aug  6 18:43:53 2025
****************************************

 # A fanout number of 1000 was used for high fanout net computations.

Operating Conditions: TT_0P80V_0P00V_0P00V_0P00V_25C   Library: GF22FDX_SC7P5T_116CPP_BASE_CSC20L_TT_0P80V_0P00V_0P00V_0P00V_25C
Wire Load Model Mode: enclosed

  Startpoint: u_fft_module_0/u_fft_stage_0/u_bf00/v_im_reg_0__0_
              (rising edge-triggered flip-flop clocked by cnt_clk)
  Endpoint: u_fft_module_0/u_fft_stage_0/u_sr_v_reg/shift_im_reg_0__0__0_
            (rising edge-triggered flip-flop clocked by cnt_clk)
  Path Group: cnt_clk
  Path Type: min

  Point                                                   Incr       Path
  --------------------------------------------------------------------------
  clock cnt_clk (rise edge)                               0.00       0.00
  clock network delay (ideal)                             0.00       0.00
  u_fft_module_0/u_fft_stage_0/u_bf00/v_im_reg_0__0_/CLK (SC7P5T_SDFFRQX1_A_CSC20L)
                                                          0.00 #     0.00 r
  u_fft_module_0/u_fft_stage_0/u_bf00/v_im_reg_0__0_/Q (SC7P5T_SDFFRQX1_A_CSC20L)
                                                         36.64      36.64 f
  u_fft_module_0/u_fft_stage_0/u_bf00/v_im[0] (bf_cntr_DATA9_ARRAY16_DELAY17_STAGE0)
                                                          0.00      36.64 f
  u_fft_module_0/u_fft_stage_0/u_sr_v_reg/data_in_im[0] (shift_register_DATA10_ARRAY16_INDEX16)
                                                          0.00      36.64 f
  u_fft_module_0/u_fft_stage_0/u_sr_v_reg/shift_im_reg_0__0__0_/D (SC7P5T_DFFRQX1_AS_CSC20L)
                                                          0.00      36.64 f
  data arrival time                                                 36.64

  clock cnt_clk (rise edge)                               0.00       0.00
  clock network delay (ideal)                             0.00       0.00
  clock uncertainty                                      50.00      50.00
  u_fft_module_0/u_fft_stage_0/u_sr_v_reg/shift_im_reg_0__0__0_/CLK (SC7P5T_DFFRQX1_AS_CSC20L)
                                                          0.00      50.00 r
  library hold time                                      11.25      61.25
  data required time                                                61.25
  --------------------------------------------------------------------------
  data required time                                                61.25
  data arrival time                                                -36.64
  --------------------------------------------------------------------------
  slack (VIOLATED)                                                 -24.61


1
